[    0.000000]nitiiznggrup sbsys cpuset
   0.000] Initiaizincgoup subsys cpu
[   .0000]Initlizi croup bsys cpuacct
[   .000] inuxerion 4.0--gneri(buid@cy01-33)(gcc vsin 5.4.0 2060609 (Ubuntu 5.4.0-6ubuntu1~16.04.4) ) #120-Ubuntu SMP Tue Sep 19 17:28:18 UTC 2017 (Ubuntu 4.4.0-97.120-generic 4.4.87)
[    0.000000] Command line: BOOT_IMAGE=/boot/vmlinuz-4.4.0-97-generic root=LABEL=cloudimg-rootfs ro console=tty1 console=ttyS0
[    0.000000] KERNEL supported cpus:
[    0.000000]   Intel GenuineIntel
[    0.000000]   AMD AuthenticAMD
[    0.000000]   Centaur CentaurHauls
[    0.000000] x86/fpu: Legacy x87 FPU detected.
[    0.000000] x86/fpu: Using 'lazy' FPU context switches.
[    0.000000] e820: BIOS-provided physical RAM map:
[    0.000000] BIOS-e820: [mem 0x0000000000000000-0x000000000009fbff] usable
[    0.000000] BIOS-e820: [mem 0x000000000009fc00-0x000000000009ffff] reserved
[    0.000000] BIOS-e820: [mem 0x00000000000f0000-0x00000000000fffff] reserved
[    0.000000] BIOS-e820: [mem 0x0000000000100000-0x000000003ffeffff] usle
[    0.000000] BIOS-e820: [mem 0x000000003fff0000-0x000000003fffffff] ACPI data
[    0.000000] BIOS-e820: [mem 0x00000000fffc0000-0x00000000ffffffff] reserved
[    0.000000] NX (Execute Disable) protection: active
[    0.000000] SMBIOS 2.5 present.
[    0.000000] Hypervisor detected: KVM
[    0.000000] e820: last_pfn = 0x3fff0 max_arch_pfn = 0x400000000
[    0.000000] MTRRR: Disabled
[    0.000000] x86/PAT: MTRRs disabled, skipping PAT initialization too.
[    0.000000] CPU MTRRs all blank - virtualized system.
[    0.000000] x86/PAT: Configuration [0-7]: WB  WT  UC- UC  WB  WT  UC- UC  
[    0.000000] found SMP MP-table at [mem 0x0009fff0-0x0009ffff] mapped at [ffff88000009fff0]
[    0.000000] Scanning 1 areas for low memory corruption
[    0.000000] RAMDISK: [mem 0x36adc000-0x37565fff]
[    0.000000] ACPI: Early table checksum verification disabled
[    0.000000] ACPI: RSDP 0x00000000000E0000 000024 (v02 VBOX  )
[    0.000000] ACPI: XSDT 0x000000003FFF0030 00003C (v01 VBOX   VBOXXSDT 00000001AS  0000001)
[    .0000] PI: FACPx00000003FFF00F0 0000F4 (v04 VBOX   VBOXFACP 00000001 ASL  00000061)
[    0.000000] ACPI: DSDT 0x000000003FFF0470 002118 (v01 VBOX   VBOXBIOS 00000002 INTL 20160108)
[    0.000000] ACPI: FACS 0x000000003FFF0200 000040
[    0.000000] ACPI: FACS 0x000000003FFF0200 000040
[    0.000000] ACPI: APIC 0x000000003FFF0240 00005C (v02 VBOX   VBOXAPIC 00000001 ASL  00000061)
[    0.00000] ACPI: SSDT 0x000000003FFF02A0 0001CC (v01 VBOX   VBOXCPUT 00000002 INTL 20160108)
[    0.000000] No NUMA configuration found
[    0.000000] Faking a node at [mem 0x0000000000000000-0x000000003ffeffff]
[    0.000000] NODE_DATA(0) allocated [mem 0x3ffeb000-0x3ffeffff]
[    0.000000] kvm-clock: Using msrs 4b564d01 and 4b564d00
[    0.000000] kvm-clock: cpu 0, msr 0:3ffe3001, primary cpu clock
[    0.000000] kvm-clock: using sched offset of 3654486628 cycles
[    0.000000] clocksource: kvm-clock: mask: 0xffffffffffffffff max_cycles: 0x1cd42e4dffb, max_idle_ns: 881590591483 ns
[    0.000000] Zone ranges:
[    0.000000]   DMA      [mem 0x0000000000001000-0x0000000000ffffff]
[    0.000000]   DMA32    [mem 0x0000000001000000-0x000000003ffeffff]
[    0.000000]   Normal   empty
[    0.000000]   Device   empty
[    0.000000] Movable zone start for each node
[    0.000000] Early memory node ranges
[    0.000000]   node   0: [mem 0x0000000000001000-0x000000000009efff]
[    0.000000]   node   0: [mem 0x0000000000100000-0x000000003ffeffff]
[    0.000000] Initmem setup node 0 [mem 0x0000000000001000-0x000000003ffeffff]
[    0.000000] ACPI: PM-Timer IO Port: 0x4008
[    0.000000] IOAPIC[0]: apic_id 2, version 17, address 0xfec00000, GSI 0-23
[    0.000000] ACPI: INT_SRC_OVR (bus 0 bus_irq 0 global_irq 2 dfl dfl)
[    0.000000] ACPI: INT_SRC_OVR (bus 0 bus_irq 9 global_irq 9 high level)
[    0.000000] Using ACPI (MADT) for SMP configuration information
[    0.000000] smpboot: Allowing 2 CPUs, 0 hotplug CPUs
[    0.000000] PM: Registered nosave memory: [mem 0x000000-0x00000fff]
[    0.0000] PM: Registered nosave memory: [mem 0x0009f000-0x0009ffff]
[    0.000000] PM: Registered nosave memory: [mem x00a00000x00efff
[   0.00000]M: Regisered nosvememo: mem 00f0000-000fff]
[  .0000] e0:[memx4000000-0ffbffff] available for PCI devices
[    0.000000] Booting paravirtualized kernel on KVM
[    0.000000] clocksource: refined-jiffies: mask: 0xffffffff max_cycles: 0xffffffff, max_idle_ns: 7645519600211568 ns
[    0.000000] setup_percpu: NR_CPUS:512 nr_cpumask_bits:512 nr_cpu_ids:2 nr_node_ids:1
[    0.000000] PERCPU: Embedded 34 pages/cpu @ffff88003fc00000 s98328 r92 d32744 u1048576
[    0.000000] PV qspinlock hash table entries: 256 (order: 0, 4096 bytes)
[    0.000000] Built 1 zonelists in Node order, mobility grouping on.  Total pages: 257913
[    0.000000] Policy zone: DMA32
[    0.000000] Kernel command line: BOOT_IMAGE=/boot/vmlinuz-4.4.0-97-generic root=LABEL=cloudimg-rootfs ro console=tty1 console=ttyS0
[    0.000000] PID hash table entries: 4096 (order: 3, 32768 bytes)
[    0.000000] Memory: 1001772K/1048120K available (8480K kernel code, 1294K rwdata, 3984K rodata, 1492K init, 1316K bss, 46348K reserved, 0K cma-reserved)
[    0.000000] SLUB: HWalign=64, Order=0-3, MinObjects=0, CPUs=2, Nodes=1
[    0.000000] Hierarchical RCU implementation.
[    0.000000] 	Build-time adjustment of leaf fanout to 64.
[    0.000000] 	RCU restricting CPUs from NR_CPUS=512 to nr_cpu_ids=2.
[    0.000000] RCU: Adjusting geometry for rcu_fanout_leaf=64, nr_cpu_ids=2
[    0.000000] NR_IRQS:33024 nr_irqs:440 16
[    0.000000] Console: colour VGA+ 80x25
[    0.000000] console [tty1] enabled
[    0.000000] console [ttyS0] enabled
[    0.000000] tsc: Detected 2526.998 MHz processor
[    2.957236] Calibrating delay loop (skipped) preset value.. 5053.99 BogoMIPS (lpj=10107992)
[    2.959704] pid_max: default: 32768 minimum: 301
[    2.961074] ACPI: Core revision 20150930
[    2.963591] ACPI: 2 ACPI AML tables successfully acquired and loaded
[    2.972672] Security Framework initialized
[    2.973578] Yama: becoming mindful.
[    2.974421] AppArmor: AppArmor initialized
[    2.975476] Dentry cache hash table entries: 131072 (order: 8, 1048576 bytes)
[    2.978517] Inode-cache hash table entries: 65536 (order: 7, 524288 bytes)
[    3.018041] Mount-cache hash table entries: 2048 (order: 2, 16384 bytes)
[    3.031399] Mountpoint-cache hash table entries: 2048 (order: 2, 16384 bytes)
[    3.046959] Initializing cgroup subsys io
[    3.065532] Initializing cgroup subsys memory
[    3.096173] Initializing cgroup subsys devices
[    3.097136] Initializing cgroup subsys freezer
[    3.098087] Initializing cgroup subsys net_cls
[    3.099036] Initializing cgroup subsys perf_event
[    3.176639] Initializing cgroup subsys net_prio
[    3.230424] Initializing cgroup subsys hugetlb
[    3.236607] Initializing cgroup subsys pids
[    3.237912] CPU: Physical Processor ID: 0
[    3.239067] CPU: Processor Core ID: 0
[    3.240264] mce: CPU supports 0 MCE banks
[    3.241463] Last level iTLB entries: 4KB 512, 2MB 7, 4MB 7
[    3.242993] Last level dTLB entries: 4KB 512, 2MB 32, 4MB 32, 1GB 0
[    3.251148] Freeing SMP alternatives memory: 32K
[    3.263197] ftrace: allocating 32148 entries in 126 pages
[    3.323670] smpboot: APIC(0) Converting physical 0 to logical package 0
[    3.330884] smpboot: Max logical packages: 1
[    3.333670] ..TIMER: vector=0x30 apic1=0 pin1=2 apic2=-1 pin2=-1
[    3.439726] smpboot: CPU0: Intel(R) Core(TM) i3 CPU       M 380  @ 2.53GHz (family: 0x6, model: 0x25, stepping: 0x5)
[    3.446753] Performance Events: unsupported p6 CPU model 37 no PMU driver, software events only.
[    3.449503] KVM setup paravirtual spinlock
[    3.451628] x86: Booting SMP configuration:
[    3.453985] .... node  #0, CPUs:      #1
[    3.455339] kvm-clock: cpu 1, msr 0:3ffe3041, secondary cpu clock
[    3.464130] mce: CPU supports 0 MCE banks
[    3.466690] x86: Booted up 1 node, 2 CPUs
[    3.468199] smpboot: Total of 2 processors activated (10107.99 BogoMIPS)
[    3.476370] devtmpfs: initialized
[    3.479699] evm: security.selinux
[    3.483792] evm: security.SMACK64
[    3.484815] evm: security.SMACK64EXEC
[    3.485914] evm: security.SMACK64TRANSMUTE
[    3.487126] evm: security.SMACK64MMAP
[    3.488210] evm: security.ima
[    3.489134] evm: security.capability
[    3.490644] clocksource: jiffies: mask: 0xffffffff max_cycles: 0xffffffff, max_idle_ns: 7645041785100000 ns
[    3.493412] futex hash table entries: 512 (order: 3, 32768 bytes)
[    3.501820] pinctrl core: initialized pinctrl subsystem
[    3.503414] RTC time: 10:38:23, date: 11/11/17
[    3.508342] NET: Registered protocol family 16
[    3.578268] cpuidle: using governor ladder
[    3.662117] cpuidle: using governor menu
[    3.778839] PCCT header not found.
[    3.875444] ACPI: bus type PCI registered
[    3.991867] acpiphp: ACPI Hot Plug PCI Controller Driver version: 0.5
[    4.116105] PCI: Using configuration type 1 for base access
[    4.147840] ACPI: Added _OSI(Module Device)
[    4.169220] ACPI: Added _OSI(Processor Device)
[    4.205147] ACPI: Added _OSI(3.0 _SCP Extensions)
[    4.236810] ACPI: Added _OSI(Processor Aggregator Device)
[    4.297519] ACPI: Executed 1 blocks of module-level executable AML code
[    4.350939] ACPI: Interpreter enabled
[    4.369281] ACPI: (supports S0 S5)
[    4.373035] ACPI: Using IOAPIC for interrupt routing
[    4.374250] PCI: Using host bridge windows from ACPI; if necessary, use "pci=nocrs" and report a bug
[    4.380670] ACPI: PCI Root Bridge [PCI0] (domain 0000 [bus 00-ff])
[    4.384529] acpi PNP0A03:00: _OSC: OS supports [ASPM ClockPM Segments MSI]
[    4.388290] acpi PNP0A03:00: _OSC failed (AE_NOT_FOUND); disabling ASPM
[    4.389538] acpi PNP0A03:00: fail to add MMCONFIG information, can't access extended PCI configuration space under this bridge.
[    4.392117] PCI host bridge to bus 0000:00
[    4.393059] pci_bus 0000:00: root bus resource [io  0x0000-0x0cf7 window]
[    4.396543] pci_bus 0000:00: root bus resource [io  0x0d00-0xffff window]
[    4.397803] pci_bus 0000:00: root bus resource [mem 0x000a0000-0x000bffff window]
[    4.399444] pci_bus 0000:00: root bus resource [mem 0x40000000-0xffdfffff window]
[    4.402159] pci_bus 0000:00: root bus resource [bus 00-ff]
[    4.404989] pci 0000:00:01.1: legacy IDE quirk: reg 0x10: [io  0x01f0-0x01f7]
[    4.406292] pci 0000:00:01.1: legacy IDE quirk: reg 0x14: [io  0x03f6]
[    4.407546] pci 0000:00:01.1: legacy IDE quirk: reg 0x18: [io  0x0170-0x0177]
[    4.408906] pci 0000:00:01.1: legacy IDE quirk: reg 0x1c: [io  0x0376]
[    4.473520] ACPI: PCI Interrupt Link [LNKA] (IRQs 5 9 10 11) *0, disabled.
[    4.482261] ACPI: PCI Interrupt Link [LNKB] (IRQs 5 9 10 *11)
[    4.487765] ACPI: PCI Interrupt Link [LNKC] (IRQs 5 9 *10 11)
[    4.491662] ACPI: PCI Interrupt Link [LNKD] (IRQs 5 *9 10 11)
[    4.497026] ACPI: Enabled 2 GPEs in block 00 to 07
[    4.502024] vgaarb: setting as boot device: PCI:0000:00:02.0
[    4.504735] vgaarb: device added: PCI:0000:00:02.0,decodes=io+mem,owns=io+mem,locks=none
[    4.507096] vgaarb: loaded
[    4.507997] vgaarb: bridge control possible 0000:00:02.0
[    4.509752] SCSI subsystem initialized
[    4.512367] ACPI: bus type USB registered
[    4.515361] usbcore: registered new interface driver usbfs
[    4.519729] usbcore: registered new interface driver hub
[    4.523773] usbcore: registered new device driver usb
[    4.541305] PCI: Using ACPI for IRQ routing
[    4.544090] NetLabel: Initializing
[    4.547976] NetLabel:  domain hash size = 128
[    4.556200] NetLabel:  protocols = UNLABELED CIPSOv4
[    4.557573] NetLabel:  unlabeled traffic allowed by default
[    4.559652] amd_nb: Cannot enumerate AMD northbridges
[    4.563454] clocksource: Switched to clocksource kvm-clock
[    4.577220] AppArmor: AppArmor Filesystem Enabled
[   .5051]pn: nPAC iit
[   .874215] pnp: PnP ACPI: found 3 devis

[   .003 cckure: acp_pm: mask: 0xfffmacyes0xff, x_les:08014 
  6.66] T:Registered protocol family 2
[    637497] P taisd shab eri: 92orr:, 53bys)[    7.265 TP bi hh blenie 82 rd:  107bys)[    8.195] TCP: Hastaesongued(etalihed 8192 bind 8192)
[   8.710251] UDP hash table entries: 512 (order: 2, 16384 bytes)
[    8.737113] UDP-Lite hash table entries: 512 (order: 2, 16384 bytes)
[   8.738857] NET: Registered protocol family 1
[   8.765593] pci 0000:00:00.0: imiting direct PCI/PCI transfers
[   8.817696] pci 0000:00:01.0: Activating ISA DMA hang workarounds
[  8.845511] Unpacking initramfs...

[ 11208730] Freeing initrd memory: 10792K
[   11.311892] platform rtc_cmos: registered platform RTC device (no PNP device found)
[   1.337898] Scanning for low memory corruption every 60 seconds

[   11.367831] audit: initializing netlink subsys (disabled)
[   11.775967] audit: type=2000 audit(1510396712.696:1): initialized
[   11.882124] Initialise system trusted keyring
[   11.896491] HugeTLB registered 2 MB page size, pre-allocated 0 pages
[   12.112496] zbud: loaded
[   12.180714] VFS: Disk quotas dquot_6.6.0
[   12.196241] VFS: Dquot-cache hash table entries: 512 (order 0, 4096 bytes)
[   12.197826] squashfs: version 4.0 (2009/01/31) Phillip Lougher
[   12.231343] fuse init (API version 7.23)
[   12.245132] Key type big_key registered
[   12.282607] Allocating IMA MOK and blacklist keyrings.
[   12.308028] Key type asymmetric registered
[   12.315491] tsc: Refined TSC clocksource calibration: 2528.083 MHz
[   12.315494] clocksource: tsc: mask: 0xffffffffffffffff max_cycles: 0x2470dac0752, max_idle_ns: 440795241122 ns
[   12.727354] Asymmetric key parser 'x509' registered
[   12.728817] Block layer SCSI generic (bsg) driver version 0.4 loaded (major 249)
[   12.731080] io scheduler noop registered
[   12.732298] io scheduler deadline registered (default)
[   12.733724] io scheduler cfq registered
[   12.734961] pci_hotplug: PCI Hot Plug PCI Core version: 0.5
[   12.736561] pciehp: PCI Express Hot Plug Controller Driver version: 0.4
[   12.751092] ACPI: AC Adapter [AC] (on-line)
[   12.760758] input: Power Button as /devices/LNXSYSTM:00/LNXPWRBN:00/input/input0
[   12.771813] ACPI: Power Button [PWRF]
[   12.780735] input: Sleep Button as /devices/LNXSYSTM:00/LNXSLPBN:00/input/input1
[   12.785519] ACPI: Sleep Button [SLPF]
[   12.787775] ACPI: Battery Slot [BAT0] (battery present)
[   12.787787] GHES: HEST is not enabled!
ÿ[   12.795487] Serial: 8250/16550 driver, 32 ports, IRQ sharing enabled
[   12.883891] 00:02: ttyS0 at I/O 0x3f8 (irq = 4, base_baud = 115200) is a 16550A
[   12.973783] Linux agpgart interface v0.103
[   12992]oo mul loaded
[   13.335787] scsi host0: ata_piix
[   13.431533] scsi host1: ata_piix
[   13.496980] ata1: PATA max UDMA/33 cmd 0x1f0 ctl 0x3f6 bmdma 0xd000 irq 14
[   13.640129] ata2: PATA max UDMA/33 cmd 0x170 ctl 0x376 bmdma 0xd008 irq 15
[   13.645981] libphy: Fixed MDIO Bus: probed
[   13.648722] tun: Universal TUN/TAP device driver, 1.6
[   13.650109] tun: (C) 1999-2004 Max Krasnyansky <maxk@qualcomm.com>
[   13.651914] PPP generic driver version 2.4.2
[   13.660845] ehci_hcd: USB 2.0 'Enhanced' Host Controller (EHCI) Driver
[   13.665277] ehci-pci: EHCI PCI platform driver
[   13.666561] ehci-platform: EHCI generic platform driver
[   13.668087] ohci_hcd: USB 1.1 'Open' Host Controller (OHCI) Driver
[   13.671111] ohci-pci: OHCI PCI platform driver
[   13.672482] ohci-platform: OHCI generic platform driver
[   13.676979] uhci_hcd: USB Universal Host Controller Interface driver
[   13.681254] i8042: PNP: PS/2 Controller [PNP0303:PS2K,PNP0f03:PS2M] at 0x60,0x64 irq 1,12
[   13.686350] serio: i8042 KBD port at 0x60,0x64 irq 1
[   13.688879] serio: i8042 AUX port at 0x60,0x64 irq 12
[   13.690436] mousedev: PS/2 mouse device common for all mice
[   13.693367] input: AT Translated Set 2 keyboard as /devices/platform/i8042/serio0/input/input2
[   13.698403] rtc_cmos rtc_cmos: rtc core: registered rtc_cmos as rtc0
[   13.711729] rtc_cmos rtc_cmos: alarms up to one day, 114 bytes nvram
[   13.721175] i2c /dev entries driver
[   13.722310] device-mapper: uevent: version 1.0.3
[   13.770418] device-mapper: ioctl: 4.34.0-ioctl (2015-10-28) initialised: dm-devel@redhat.com
[   14.011844] ledtrig-cpu: registered to indicate activity on CPUs
[   14.051773] NET: Registered protocol family 10
[   14.090683] NET: Registered protocol family 17
[   14.103874] Key type dns_resolver registered
[   14.111016] microcode: CPU0 sig=0x20655, pf=0x4, revision=0x616
[   14.124466] microcode: CPU1 sig=0x20655, pf=0x4, revision=0x616
[   14.126029] microcode: Microcode Update Driver: v2.01 <tigran@aivazian.fsnet.co.uk>, Peter Oruba
[   14.128665] registered taskstats version 1
[   14.140614] Loading compiled-in X.509 certificates
[   14.151924] Loaded X.509 cert 'Build time autogenerated kernel key: d1010f9627fd9242df4b03365d2931dfd1ad3d42'
[   14.163676] zswap: loaded using pool lzo/zbud
[   14.173520] Key type trusted registered
[   14.180966] Key type encrypted registered
[   14.188590] AppArmor: AppArmor sha1 policy hashing enabled
[   14.190125] ima: No TPM chip found, activating TPM-bypass!
[   14.191741] evm: HMAC attrs: 0x1
[   14.200781]   Magic number: 9:497:628
[   14.201988] rtc_cmos rtc_cmos: setting system clock to 2017-11-11 10:38:33 UTC (1510396713)
[   14.210692] BIOS EDD facility v0.16 2004-Jun-25, 0 devices found
[   14.212354] EDD information not available.
[   14.215485] Freeing unused kernel memory: 1492K
[   14.220834] Write protecting the kernel read-only data: 14336k
[   14.223587] Freeing unused kernel memory: 1748K
[   14.231334] Freeing unused kernel memory: 112K
Loading, please wait...
starting version[   14.261085] random: systemd-udevd: uninitialized urandom read (16 bytes read, 2 bits of entropy available)
 229
[   14.262097] random: udevadm: uninitialized urandom read (16 bytes read, 2 bits of entropy available)
[   14.262128] random: udevadm: uninitialized urandom read (16 bytes read, 2 bits of entropy available)
[   14.274475] random: udevadm: uninitialized urandom read (16 bytes read, 2 bits of entropy available)
[   14.274526] random: udevadm: uninitialized urandom read (16 bytes read, 2 bits of entropy available)
[   14.274688] random: udevadm: uninitialized urandom read (16 bytes read, 2 bits of entropy available)
[   14.274753] random: udevadm: uninitialized urandom read (16 bytes read, 2 bits of entropy available)
[   14.274817] random: udevadm: uninitialized urandom read (16 bytes read, 2 bits of entropy available)
[   14.274883] random: udevadm: uninitialized urandom read (16 bytes read, 2 bits of entropy available)
[   14.274949] random: udevadm: uninitialized urandom read (16 bytes read, 2 bits of entropy available)
[   14.404562] Fusion MPT base driver 3.04.20
[   14.428315] Copyright (c) 1999-2008 LSI Corporation
[   14.435726] e1000: Intel(R) PRO/1000 Network Driver - version 7.3.21-k8-NAPI
[   14.520733] e1000: Copyright (c) 1999-2006 Intel Corporation.
[   14.530671] Fusion MPT SPI Host driver 3.04.20
[   14.725742] input: ImExPS/2 Generic Explorer Mouse as /devices/platform/i8042/serio1/input/input4
[   15.091742] e1000 0000:00:03.0 eth0: (PCI:33MHz:32-bit) 02:51:17:41:23:cb
[   15.267984] e1000 0000:00:03.0 eth0: Intel(R) PRO/1000 Network Connection
[   15.701233] mptbase: ioc0: Initiating bringup
[   16.123961] ioc0: LSI53C1030 A0: Capabilities={Initiator}
[   16.401049] scsi host2: ioc0: LSI53C1030 A0, FwRev=00000000h, Ports=1, MaxQ=256, IRQ=20
[   16.524499] scsi 2:0:0:0: Direct-Access     VBOX     HARDDISK         1.0  PQ: 0 ANSI: 5
[   16.530427] scsi target2:0:0: Beginning Domain Validation
[   16.543131] scsi target2:0:0: Domain Validation skipping write tests
[   16.555311] scsi target2:0:0: Ending Domain Validation
[   16.558799] scsi target2:0:0: asynchronous
[   16.563980] scsi 2:0:1:0: Direct-Access     VBOX     HARDDISK         1.0  PQ: 0 ANSI: 5
[   16.569280] scsi target2:0:1: Beginning Domain Validation
[   16.577829] scsi target2:0:1: Domain Validation skipping write tests
[   16.585995] scsi target2:0:1: Ending Domain Validation
[   16.587229] scsi target2:0:1: asynchronous
[   16.617032] sd 2:0:0:0: Attached scsi generic sg0 type 0
[   16.621580] sd 2:0:0:0: [sda] 20971520 512-byte logical blocks: (10.7 GB/10.0 GiB)
[   16.630964] sd 2:0:1:0: [sdb] 20480 512-byte logical blocks: (10.5 MB/10.0 MiB)
[   16.634119] sd 2:0:1:0: [sdb] Write Protect is off
[   16.637658] sd 2:0:1:0: Attached scsi generic sg1 type 0
[   16.641296] sd 2:0:1:0: [sdb] Incomplete mode parameter data
[   16.645831] sd 2:0:1:0: [sdb] Assuming drive cache: write through
[   16.660473] sd 2:0:0:0: [sda] Write Protect is off
[   16.663290] sd 2:0:0:0: [sda] Incomplete mode parameter data
[   16.666080] sd 2:0:0:0: [sda] Assuming drive cache: write through
[   16.703447]  sda: sda1
[   16.706417] sd 2:0:0:0: [sda] Attached SCSI disk
[   16.740719] sd 2:0:1:0: [sdb] Attached SCSI disk
[   16.909516] e1000 0000:00:08.0 eth1: (PCI:33MHz:32-bit) 08:00:27:49:18:80
[   16.951133] e1000 0000:00:08.0 eth1: Intel(R) PRO/1000 Network Connection
[   16.967672] e1000 0000:00:03.0 enp0s3: renamed from eth0
[   16.991804] e1000 0000:00:08.0 enp0s8: renamed from eth1
[   17.431761] floppy0: no floppy controllers found
Begin: Loading essential drivers ... [   19.118782] md: linear personality registered for level -1
[   19.131512] md: multipath personality registered for level -4
[   19.143228] md: raid0 personality registered for level 0
[   19.156885] md: raid1 personality registered for level 1
[   19.247524] raid6: sse2x1   gen()  5827 MB/s
[   19.355523] raid6: sse2x1   xor()  4804 MB/s
[   19.467529] raid6: sse2x2   gen()  7181 MB/s
[   19.575491] raid6: sse2x2   xor()  5605 MB/s
[   19.647510] raid6: sse2x4   gen()  6931 MB/s
[   19.731529] raid6: sse2x4   xor()  5794 MB/s
[   19.740688] raid6: using algorithm sse2x2 gen() 7181 MB/s
[   19.742192] raid6: .... xor() 5605 MB/s, rmw enabled
[   19.748507] raid6: using ssse3x2 recovery algorithm
[   19.754465] xor: measuring software checksum speed
[   20.127437]    prefetch64-sse: 19387.000 MB/sec
[   20.559500]    generic_sse: 23095.000 MB/sec
[   20.710563] xor: using function: generic_sse (23095.000 MB/sec)
[   20.767096] async_tx: api initialized (async)
[   20.819672] md: raid6 personality registered for level 6
[   20.865209] md: raid5 personality registered for level 5
[   20.904051] md: raid4 personality registered for level 4
[   20.962016] md: raid10 personality registered for level 10
done.
Begin: Running /scripts/init-premount ... done.
Begin: Mounting root file system ... Begin: Running /scripts/local-top ... done.
Begin: Running[   21.061282] Btrfs loaded
 /scripts/local-premount ... Scanning for Btrfs filesystems
done.
Warning: fsck not present, so skipping root file system
[   21.206230] EXT4-fs (sda1): INFO: recovery required on readonly filesystem
[   21.208744] EXT4-fs (sda1): write access will be enabled during recovery
[   21.292365] EXT4-fs (sda1): recovery complete
[   21.310408] EXT4-fs (sda1): mounted filesystem with ordered data mode. Opts: (null)
done.
Begin: Running /scripts/local-bottom ... done.
Begin: Running /scripts/init-bottom ... done.
[   22.071714] systemd[1]: systemd 229 running in system mode. (+PAM +AUDIT +SELINUX +IMA +APPARMOR +SMACK +SYSVINIT +UTMP +LIBCRYPTSETUP +GCRYPT +GNUTLS +ACL +XZ -LZ4 +SECCOMP +BLKID +ELFUTILS +KMOD -IDN)
[   22.218532] systemd[1]: Detected virtualization oracle.
[   22.224026] systemd[1]: Detected architecture x86-64.

Welcome to [1mUbuntu 16.04.3 LTS[0m!

[   22.295874] random: nonblocking pool is initialized
[   22.381913] systemd[1]: Set hostname to <ubuntu-xenial>.
[ 23.517370] systemd[1]: Reached target Swap.
[[0;32m  OK  [0m] Reached target Swap.
[   23.879101] systemd[1]: Listening on Journal Socket.
[[0;32m  OK  [0m] Listening on Journal Socket.
[  23.892820] sstd[: stening on Journal Audit Socke. [[0;32m  OK  [0m] Listening on Journal Audit Socket.
[   24.252803] systemd[1]: Listening on Journal Socket (/dev/log).
[[0;32m  OK  [0m] Listening on Journal Socket (/dev/log).
[   24.328019] systemd[1]: Reached target Encrypted Volumes.
[[0;32m  OK  [0m] Reached target Encrypted Volumes.
[   24.338792] systemd[1]: Listening on Syslog Socket.
[[0;32m  OK  [0m] Listening on Syslog Socket.
[   24.973] std[: isteni oDevice-mapper event dem FOs
[[0;32m  OK  [0m] Listening on Device-mapper event daemon FIFOs.
[   25.98115]ysmd]:rete slice User and Session Slice.
[[0;32m  OK  [0m] Created slice User and Session Slice.
[   26.323817] systemd[1]: Listening on udev Control Socket.
[[0;32m  OK  [0m] Listening on udev Control Socket.
[   26.340005] systemd[1]: Started Trigger resolvconf update for networkd DNS.
[[0;32m  OK  [0m] Started Trigger resolvconf update for networkd DNS.
[   26.943688] systemd[1]: Set up automount Arbitrary Executable File Formats File System Automount Point.
[[0;32m  OK  [0m] Set up automount Arbitrary Executab...ats File System Automount Point.
[   27.316649] systemd[1]: Reached target User and Group Name Lookups.
[[0;32m  OK  [0m] Reached target User and Group Name Lookups.
[   27.359975] systemd[1]: Listening on /dev/initctl Compatibility Named Pipe.
[[0;32m  OK  [0m] Listening on /dev/initctl Compatibility Named Pipe.
[   27.433595] systemd[1]: Created slice System Slice.
[[0;32m  OK  [0m] Created slice System Slice.
[   27.859919] systemd[1]: Starting Uncomplicated firewall...
         Starting Uncomplicated firewall...
[   27.915803] systemd[1]: Mounting Huge Pages File System...
         Mounting Huge Pages File System...
[   28.003971] systemd[1]: Starting Load Kernel Modules...
         Starting Load Kernel Modules...
[   28.077624] systemd[1]: Starting Nameserver information manager...
[   28.169169] Loading iSCSI transport class v2.0-870.
         Starting Nameserver information manager...
[   28.173397] systemd[1]: Mounting POSIX Message Queue File System...
         Mounting POSIX Message Queue File System...
[   28.239291] systemd[1]: Starting Remount Root and Kernel File Systems...
         Starting Remount[   28.295516] EXT4-fs (sda1): re-mounted. Opts: (null)
 Root and Kernel File Systems...
[   28.372521] iscsi: registered transport (tcp)
[   28.372662] systemd[1]: Created slice system-serial\x2dgetty.slice.
[[0;32m  OK  [0m] Created slice system-serial\x2dgetty.slice.
[   28.387058] systemd[1]: Reached target Slices.
[[0;32m  OK  [0m] Reached target Slices.
[   28.455881] systemd[1]: Mounting Debug File System...
         Mounting Debug File System...
[   28.519999] iscsi: registered transport (iser)
[   28.555763] systemd[1]: Starting Create list of required static device nodes for the current kernel...
         Starting Create list of required st... nodes for the current kernel...
[   28.597920] systemd[1]: Starting Journal Service...
         Starting Journal Service...
[   28.635997] systemd[1]: Starting Set console keymap...
         Starting Set console keymap...
[   28.664118] systemd[1]: Listening on LVM2 metadata daemon socket.
[[0;32m  OK  [0m] Listening on LVM2 metadata daemon socket.
[   28.720234] systemd[1]: Starting Monitoring of LVM2 mirrors, snapshots etc. using dmeventd or progress polling...
         Starting Monitoring of LVM2 mirrors... dmeventd or progress polling...
[   28.798648] systemd[1]: Listening on LVM2 poll daemon socket.
[[0;32m  OK  [0m] Listening on LVM2 poll daemon socket.
[   28.844044] systemd[1]: Listening on udev Kernel Socket.
[[0;32m  OK  [0m] Listening on udev Kernel Socket.
[   28.887889] systemd[1]: Started Forward Password Requests to Wall Directory Watch.
[[0;32m  OK  [0m] Started Forward Password Requests to Wall Directory Watch.
[   29.165495] systemd[1]: Mounted POSIX Message Queue File System.
[[0;32m  OK  [0m] Mounted POSIX Message Queue File System.
[   29.584029] systemd[1]: Mounted Huge Pages File System.
[[0;32m  OK  [0m] Mounted Huge Pages File System.
[   29.586992] systemd[1]: Mounted Debug File System.
[[0;32m  OK  [0m] Mounted Debug File System.
[   29.607930] systemd[1]: Started Journal Service.
[[0;32m  OK  [0m] Started Journal Service.
[[0;32m  OK  [0m] Started Uncomplicated firewall.
[[0;32m  OK  [0m] Started Load Kernel Modules.
[[0;32m  OK  [0m] Started Remount Root and Kernel File Systems.
[[0;32m  OK  [0m] Started Create list of required sta...ce nodes for the current kernel.
[[0;32m  OK  [0m] Started Set console keymap.
[[0;32m  OK  [0m] Started Nameserver information manager.
[[0;32m  OK  [0m] Started LVM2 metadata daemon.
         Starting Create Static Device Nodes in /dev...
         Starting Load/Save Random Seed...
         Starting udev Coldplug all Devices...
         Starting Initial cloud-init job (pre-networking)...
         Starting Apply Kernel Variables...
         Mounting FUSE Control File System...
         Starting Flush Journal to Persistent Storage...
[[0;32m  OK  [0m] Mounted FUSE Control File System.
[[0;32m  OK  [0m] Started Load/Save Random Seed.
[[0;32m  OK  [0m] Started udev Coldplug all Devices.
[   30.299645] systemd-journald[391]: Received request to flush runtime journal from PID 1
[[0;32m  OK  [0m] Started Monitoring of LVM2 mirrors,...ng dmeventd or progress polling.
[[0;32m  OK  [0m] Started Apply Kernel Variables.
[[0;32m  OK  [0m] Started Create Static Device Nodes in /dev.
[[0;32m  OK  [0m] Started Flush Journal to Persistent Storage.
         Starting udev Kernel Device Manager...
[[0;32m  OK  [0m] Started udev Kernel Device Manager.
[[0;32m  OK  [0m] Reached target Local File Systems (Pre).
[[0;32m  OK  [0m] Reached target Local File Systems.
         Starting Create Volatile Files and Directories...
         Starting LSB: AppArmor initialization...
         Starting Tell Plymouth To Write Out Runtime Data...
         Starting Set console font and keymap...
[[0;32m  OK  [0m] Started Dispatch Password Requests to Console Directory Watch.
[[0;32m  OK  [0m] Started Create Volatile Files and Directories.
[[0;32m  OK  [0m] Started Tell Plymouth To Write Out Runtime Data.
[[0;32m  OK  [0m] Found device /dev/ttyS0.
[[0;32m  OK  [0m] Reached target System Time Synchronized.
         Starting Update UTMP about System Boot/Shutdown...
[[0;32m  OK  [0m] Started Update UTMP about System Boot/Shutdown.
[[0;32m  OK  [0m] Found device 82540EM Gigabit Ethern...r (PRO/1000 MT Desktop Adapter).
[[0;32m  OK  [0m] Found device 82540EM Gigabit Ethern...r (PRO/1000 MT Desktop Adapter).
[[0;32m  OK  [0m] Started Set console font and keymap.
[[0;32m  OK  [0m] Created slice system-getty.slice.
[[0;32m  OK  [0m] Listening on Load/Save RF Kill Switch Status /dev/rfkill Watch.
[[0;32m  OK  [0m] Started LSB: AppArmor initialization.
[   33.224206] cloud-init[429]: Cloud-init v. 0.7.9 running 'init-local' at Sat, 11 Nov 2017 10:38:55 +0000. Up 32.52 seconds.
[[0;32m  OK  [0m] Started Initial cloud-init job (pre-networking).
[[0;32m  OK  [0m] Reached target Network (Pre).
[[0;32m  OK  [0m] Started ifup for enp0s3.
[[0;32m  OK  [0m] Started ifup for enp0s8.
         Starting Raise network interfaces...
[[0;32m  OK  [0m] Started Raise network interfaces.
[[0;32m  OK  [0m] Reached target Network.
         Starting Initial cloud-init job (metadata service crawler)...
[   35.084946] cloud-init[1036]: Cloud-init v. 0.7.9 running 'init' at Sat, 11 Nov 2017 10:38:57 +0000. Up 34.10 seconds.
[   35.225033] [cloud-init[0;32m  OK  [0m[1036]: ] ci-info: ++++++++++++++++++++++++++++++++++++++Net device info++++++++++++++++++++++++++++++++++++++Started Initial cloud-init job (metadata service crawler).

[   35.225826] cloud-init[1036]: ci-info: +--------+------+-----------------------------+---------------+-------+-------------------+
[   35.391243] [cloud-init[0;32m  OK  [0m[1036]: ] ci-info: | Device |  Up  |           Address           |      Mask     | Scope |     Hw-Address    |Reached target Cloud-config availability.

[   35.400672] [cloud-init[0;32m  OK  [0m[1036]: ] ci-info: +--------+------+-----------------------------+---------------+-------+-------------------+Reached target System Initialization.

[[0;32m  OK  [0m] Listening on UUID daemon activation socket.
[[0;32m  OK  [0m] Listening on ACPID Listen Socket.
[   35.401370] cloud-init[1036]: ci-info: | enp0s3 | True |          10.0.2.15          | 255.255.255.0 |   .   | 02:51:17:41:23:cb |
[   35.530037] [cloud-init[0;32m  OK  [0m[1036]: ] ci-info: | enp0s3 | True |  fe80::51:17ff:fe41:23cb/64 |       .       |  link | 02:51:17:41:23:cb |Started Daily Cleanup of Temporary Directories.

[   35.556593] [cloud-init[0;32m  OK  [0m[1036]: ] ci-info: |   lo   | True |          127.0.0.1          |   255.0.0.0   |   .   |         .         |Listening on D-Bus System Message Bus Socket.

[   35.798958]          cloud-initStarting Socket activation for snappy daemon.[1036]: 
ci-info: |   lo   | True |           ::1/128           |       .       |  host |         .         |
[   35.936820]          cloud-initStarting LXD - unix socket.[1036]: 
ci-info: | enp0s8 | True |        192.168.33.10        | 255.255.255.0 |   .   | 08:00:27:49:18:80 |
[   35.995549] [cloud-init[0;32m  OK  [0m[1036]: ] ci-info: | enp0s8 | True | fe80::a00:27ff:fe49:1880/64 |       .       |  link | 08:00:27:49:18:80 |Started Timer to automatically fetch and run repair assertions.

[   36.015196] cloud-init[1036]: ci-info: +--------+------+-----------------------------+---------------+-------+-------------------+
[[0;32m  OK  [0m] Started Timer to automatically refresh installed snaps.
[   36.016429] cloud-init[1036]: ci-info: ++++++++++++++++++++++++++++Route IPv4 info++++++++++++++++++++++++++++
[   36.026935] cloud-init[1036]: ci-info: +-------+--------------+----------+---------------+-----------+-------+
[   36.031041] cloud-init[1036]: ci-info: | Route | Destination  | Gateway  |    Genmask    | Interface | Flags |
[   36.058241] [cloud-init[0;32m  OK  [0m[1036]: ] ci-info: +-------+--------------+----------+---------------+-----------+-------+Started ACPI Events Check.

[   36.063929] [cloud-init[0;32m  OK  [0m[1036]: ] ci-info: |   0   |   0.0.0.0    | 10.0.2.2 |    0.0.0.0    |   enp0s3  |   UG  |Reached target Paths.

[   36.069579] [cloud-init[0;32m  OK  [0m[1036]: ] ci-info: |   1   |   10.0.2.0   | 0.0.0.0  | 255.255.255.0 |   enp0s3  |   U   |Reached target Network is Online.

[   36.077131] cloud-init[1036]: ci-info: |   2   | 192.168.33.0 | 0.0.0.0  | 255.255.255.0 |   enp0s8  |   U   |
[   36.080791] cloud-init[1036]: ci-info: +-------+--------------+----------+---------------+-----------+-------+
         Starting iSCSI initiator daemon (iscsid)...
[[0;32m  OK  [0m] Started Daily apt download activities.
[[0;32m  OK  [0m] Started Daily apt upgrade and clean activities.
[[0;32m  OK  [0m] Reached target Timers.
[[0;32m  OK  [0m] Listening on Socket activation for snappy daemon.
[[0;32m  OK  [0m] Listening on LXD - unix socket.
[[0;32m  OK  [0m] Reached target Sockets.
[[0;32m  OK  [0m] Reached target Basic System.
         Starting LXD - container startup/shutdown...
         Starting System Logging Service...
[[0;32m  OK  [0m] Started Regular background program processing daemon.
[[0;32m  OK  [0m] Started ACPI event daemon.
         Starting Apply the settings specified in cloud-config...
         Starting LSB: Record successful boot for GRUB...
         Starting /etc/rc.local Compatibility...
[[0;32m  OK  [0m] Started Unattended Upgrades Shutdown.
[[0;32m  OK  [0m] Started D-Bus System Message Bus.
         Starting OpenBSD Secure Shell server...
         Starting Login Service...
         Starting LSB: MD monitoring daemon...
         Starting Accounts Service...
[[0;32m  OK  [0m] Started Deferred execution scheduler.
[[0;32m  OK  [0m] Started FUSE filesystem for LXC.
         Starting Snappy daemon...
[[0;32m  OK  [0m] Started System Logging Service.
[[0;32m  OK  [0m] Started iSCSI initiator daemon (iscsid).
[[0;32m  OK  [0m] Started /etc/rc.local Compatibility.
         Starting Login to default iSCSI targets...
[[0;32m  OK  [0m] Started Login Service.
[[0;32m  OK  [0m] Started LSB: Record successful boot for GRUB.
[   37.808735] cloud-init[1103]: Cloud-init v. 0.7.9 running 'modules:config' at Sat, 11 Nov 2017 10:39:00 +0000. Up 36.77 seconds.
[[0;32m  OK  [0m] Started LSB: MD monitoring daemon.
[[0;32m  OK  [0m] Started Apply the settings specified in cloud-config.
[[0;32m  OK  [0m] Started Login to default iSCSI targets.
[[0;32m  OK  [0m] Reached target Remote File Systems (Pre).
[[0;32m  OK  [0m] Reached target Remote File Systems.
         Starting LSB: daemon to balance interrupts for SMP systems...
         Starting LSB: Set the CPU Frequency Scaling governor to "ondemand"...
         Starting LSB: VirtualBox Linux Additions...
         Starting LSB: Apache2 web server...
         Starting Permit User Sessions...
         Starting LSB: automatic crash report generation...
[[0;32m  OK  [0m] Started LSB: Set the CPU Frequency Scaling governor to "ondemand".
[[0;32m  OK  [0m] Started Permit User Sessions.
         Starting Terminate Plymouth Boot Screen...
         Starting Hold until boot process finishes up...
[[0;32m  OK  [0m] Started Terminate Plymouth Boot Screen.
[[0;32m  OK  [0m] Started Hold until boot process finishes up.
[[0;32m  OK  [0m] Started LSB: daemon to balance interrupts for SMP systems.
[[0;32m  OK  [0m] Started Serial Getty on ttyS0.
         Starting Set console scheme...
[[0;32m  OK  [0m] Started Getty on tty1.
[[0;32m  OK  [0m] Reached target Login Prompts.
[[0;32m  OK  [0m] Started LSB: automatic crash report generation.
[[0;32m  OK  [0m] Started Set console scheme.
[[0;32m  OK  [0m] Started OpenBSD Secure Shell server.
[[0;32m  OK  [0m] Started LSB: VirtualBox Linux Additions.
         Starting Authenticate and Authorize Users to Run Privileged Tasks...
[[0;32m  OK  [0m] Started Authenticate and Authorize Users to Run Privileged Tasks.
[[0;32m  OK  [0m] Started Accounts Service.
[[0;32m  OK  [0m] Started LXD - container startup/shutdown.
[[0;32m  OK  [0m] Created slice User Slice of ubuntu.
         Starting User Manager for UID 1000...
[[0;32m  OK  [0m] Started Session 1 of user ubuntu.
[[0;32m  OK  [0m] Started User Manager for UID 1000.
[[0;32m  OK  [0m] Started Snappy daemon.
         Starting Auto import assertions from block devices...
[[0;32m  OK  [0m] Started Auto import assertions from block devices.
[[0;32m  OK  [0m] Started LSB: Apache2 web server.
[[0;32m  OK  [0m] Reached target Multi-User System.
         Starting Execute cloud user/final scripts...
[[0;32m  OK  [0m] Reached target Graphical Interface.
         Starting Update UTMP about System Runlevel Changes...
[[0;32m  OK  [0m] Started Update UTMP about System Runlevel Changes.
[   44.010864] cloud-init[1424]: Cloud-init v. 0.7.9 running 'modules:final' at Sat, 11 Nov 2017 10:39:06 +0000. Up 43.52 seconds.
[   44.011567] cloud-init[1424]: Cloud-init v. 0.7.9 finished at Sat, 11 Nov 2017 10:39:07 +0000. Datasource DataSourceNoCloud [seed=/dev/sdb][dsmode=net].  Up 44.00 seconds

Ubuntu 16.04.3 LTS ubuntu-xenial ttyS0

ubuntu-xenial login: 